<?xml version="1.0" encoding="UTF-8"?>
<testng-results ignored="0" total="1" passed="1" failed="0" skipped="0">
  <reporter-output>
    <line>
      <![CDATA[Entering MoBile Number]]>
    </line>
    <line>
      <![CDATA[Entering password]]>
    </line>
    <line>
      <![CDATA[Validating user Name]]>
    </line>
    <line>
      <![CDATA[Logging out the Pllication]]>
    </line>
    <line>
      <![CDATA[Closing The Browser]]>
    </line>
  </reporter-output>
  <suite started-at="2022-12-15T13:55:39 IST" name="Suite" finished-at="2022-12-15T13:58:34 IST" duration-ms="174295">
    <groups>
    </groups>
    <test started-at="2022-12-15T13:55:39 IST" name="Test" finished-at="2022-12-15T13:58:34 IST" duration-ms="174295">
      <class name="TestClass.ValidateUserName">
        <test-method is-config="true" signature="LuanchNeostox()[pri:0, instance:TestClass.ValidateUserName@7526515b]" started-at="2022-12-15T13:55:40 IST" name="LuanchNeostox" finished-at="2022-12-15T13:57:34 IST" duration-ms="114740" status="PASS">
          <reporter-output>
          </reporter-output>
        </test-method> <!-- LuanchNeostox -->
        <test-method is-config="true" signature="LogIn()[pri:0, instance:TestClass.ValidateUserName@7526515b]" started-at="2022-12-15T13:57:34 IST" name="LogIn" finished-at="2022-12-15T13:58:24 IST" duration-ms="49864" status="PASS">
          <reporter-output>
            <line>
              <![CDATA[Entering MoBile Number]]>
            </line>
            <line>
              <![CDATA[Entering password]]>
            </line>
          </reporter-output>
        </test-method> <!-- LogIn -->
        <test-method signature="ValidateUserId()[pri:0, instance:TestClass.ValidateUserName@7526515b]" started-at="2022-12-15T13:58:24 IST" name="ValidateUserId" finished-at="2022-12-15T13:58:24 IST" duration-ms="112" status="PASS">
          <reporter-output>
            <line>
              <![CDATA[Validating user Name]]>
            </line>
          </reporter-output>
        </test-method> <!-- ValidateUserId -->
        <test-method is-config="true" signature="LoggingOutApplication()[pri:0, instance:TestClass.ValidateUserName@7526515b]" started-at="2022-12-15T13:58:24 IST" name="LoggingOutApplication" finished-at="2022-12-15T13:58:25 IST" duration-ms="339" status="PASS">
          <reporter-output>
            <line>
              <![CDATA[Logging out the Pllication]]>
            </line>
          </reporter-output>
        </test-method> <!-- LoggingOutApplication -->
        <test-method is-config="true" signature="ClossingBrowser()[pri:0, instance:TestClass.ValidateUserName@7526515b]" started-at="2022-12-15T13:58:25 IST" name="ClossingBrowser" finished-at="2022-12-15T13:58:34 IST" duration-ms="8994" status="PASS">
          <reporter-output>
            <line>
              <![CDATA[Closing The Browser]]>
            </line>
          </reporter-output>
        </test-method> <!-- ClossingBrowser -->
      </class> <!-- TestClass.ValidateUserName -->
    </test> <!-- Test -->
  </suite> <!-- Suite -->
</testng-results>
